[18:42:06] [main/INFO]: Setting user: Player796
[18:42:08] [Client thread/INFO]: LWJGL Version: 2.9.1
[18:42:16] [Client thread/INFO]: Reloading ResourceManager: Default, FMLFileResourcePack:Forge Mod Loader, FMLFileResourcePack:Minecraft Forge, FMLFileResourcePack:Test Mod
[18:42:17] [Sound Library Loader/INFO]: Sound engine started
[18:42:18] [Client thread/INFO]: Created: 16x16 textures/blocks-atlas
[18:42:18] [Client thread/INFO]: Created: 16x16 textures/items-atlas
[18:42:18] [Client thread/INFO]: Reloading ResourceManager: Default, FMLFileResourcePack:Forge Mod Loader, FMLFileResourcePack:Minecraft Forge, FMLFileResourcePack:Test Mod
[18:42:19] [Client thread/INFO]: Created: 256x256 textures/items-atlas
[18:42:19] [Client thread/INFO]: Created: 512x256 textures/blocks-atlas
[18:42:20] [Sound Library Loader/INFO]: Sound engine started
[18:42:34] [Server thread/INFO]: Starting integrated minecraft server version 1.7.10
[18:42:34] [Server thread/INFO]: Generating keypair
[18:42:34] [Server thread/INFO]: Preparing start region for level 0
[18:42:36] [Server thread/INFO]: Changing view distance to 12, from 10
[18:42:36] [Server thread/INFO]: Player796[local:E:e5320bbb] logged in with entity id 197 at (-690.430490340933, 9.705717611981152, -1923.0502693594835)
[18:42:36] [Server thread/INFO]: Player796 joined the game
[18:42:37] [Server thread/INFO]: Saving and pausing game...
[18:42:37] [Server thread/INFO]: Saving chunks for level 'New World'/Overworld
[18:42:37] [Server thread/INFO]: Saving chunks for level 'New World'/Nether
[18:42:37] [Server thread/INFO]: Saving chunks for level 'New World'/The End
[18:42:38] [Server thread/INFO]: Player796 has just earned the achievement [Taking Inventory]
[18:42:39] [Client thread/INFO]: [CHAT] Player796 has just earned the achievement [Taking Inventory]
[18:42:39] [Server thread/INFO]: Saving and pausing game...
[18:42:39] [Server thread/INFO]: Saving chunks for level 'New World'/Overworld
[18:42:39] [Server thread/INFO]: Saving chunks for level 'New World'/Nether
[18:42:39] [Server thread/INFO]: Saving chunks for level 'New World'/The End
[18:42:40] [Server thread/INFO]: Stopping server
[18:42:40] [Server thread/INFO]: Saving players
[18:42:40] [Server thread/INFO]: Saving worlds
[18:42:40] [Server thread/INFO]: Saving chunks for level 'New World'/Overworld
[18:42:40] [Server thread/INFO]: Saving chunks for level 'New World'/Nether
[18:42:40] [Server thread/INFO]: Saving chunks for level 'New World'/The End
[19:22:35] [Client thread/INFO]: Stopping!
